2023-02-15T22:46:12.963+01:00  INFO 48305 --- [main] com.example.labo.LaboApplication         : Starting LaboApplication using Java 19 with PID 48305 (/Users/nourlabidi/Desktop/LabPlus/target/classes started by nourlabidi in /Users/nourlabidi/Desktop/LabPlus)
2023-02-15T22:46:12.976+01:00  INFO 48305 --- [main] com.example.labo.LaboApplication         : No active profile set, falling back to 1 default profile: "default"
2023-02-15T22:46:13.811+01:00  INFO 48305 --- [main] .s.d.r.c.RepositoryConfigurationDelegate : Multiple Spring Data modules found, entering strict repository configuration mode
2023-02-15T22:46:13.812+01:00  INFO 48305 --- [main] .s.d.r.c.RepositoryConfigurationDelegate : Bootstrapping Spring Data JDBC repositories in DEFAULT mode.
2023-02-15T22:46:13.826+01:00  INFO 48305 --- [main] .s.d.r.c.RepositoryConfigurationDelegate : Finished Spring Data repository scanning in 10 ms. Found 0 JDBC repository interfaces.
2023-02-15T22:46:13.843+01:00  INFO 48305 --- [main] .s.d.r.c.RepositoryConfigurationDelegate : Multiple Spring Data modules found, entering strict repository configuration mode
2023-02-15T22:46:13.843+01:00  INFO 48305 --- [main] .s.d.r.c.RepositoryConfigurationDelegate : Bootstrapping Spring Data JPA repositories in DEFAULT mode.
2023-02-15T22:46:13.847+01:00  INFO 48305 --- [main] .s.d.r.c.RepositoryConfigurationDelegate : Finished Spring Data repository scanning in 1 ms. Found 0 JPA repository interfaces.
2023-02-15T22:46:14.414+01:00  INFO 48305 --- [main] o.s.b.w.embedded.tomcat.TomcatWebServer  : Tomcat initialized with port(s): 8087 (http)
2023-02-15T22:46:14.423+01:00  INFO 48305 --- [main] o.apache.catalina.core.StandardService   : Starting service [Tomcat]
2023-02-15T22:46:14.423+01:00  INFO 48305 --- [main] o.apache.catalina.core.StandardEngine    : Starting Servlet engine: [Apache Tomcat/10.1.5]
2023-02-15T22:46:14.497+01:00  INFO 48305 --- [main] o.a.c.c.C.[.[localhost].[/SpringMVCt]    : Initializing Spring embedded WebApplicationContext
2023-02-15T22:46:14.498+01:00  INFO 48305 --- [main] w.s.c.ServletWebServerApplicationContext : Root WebApplicationContext: initialization completed in 1322 ms
2023-02-15T22:46:14.639+01:00  INFO 48305 --- [main] o.hibernate.jpa.internal.util.LogHelper  : HHH000204: Processing PersistenceUnitInfo [name: default]
2023-02-15T22:46:14.673+01:00  INFO 48305 --- [main] org.hibernate.Version                    : HHH000412: Hibernate ORM core version 6.1.6.Final
2023-02-15T22:46:14.763+01:00  WARN 48305 --- [main] org.hibernate.orm.deprecation            : HHH90000021: Encountered deprecated setting [javax.persistence.sharedCache.mode], use [jakarta.persistence.sharedCache.mode] instead
2023-02-15T22:46:14.828+01:00  INFO 48305 --- [main] com.zaxxer.hikari.HikariDataSource       : HikariPool-1 - Starting...
2023-02-15T22:46:15.172+01:00  INFO 48305 --- [main] com.zaxxer.hikari.pool.HikariPool        : HikariPool-1 - Added connection com.mysql.cj.jdbc.ConnectionImpl@6b3d9c38
2023-02-15T22:46:15.173+01:00  INFO 48305 --- [main] com.zaxxer.hikari.HikariDataSource       : HikariPool-1 - Start completed.
2023-02-15T22:46:15.190+01:00  INFO 48305 --- [main] SQL dialect                              : HHH000400: Using dialect: org.hibernate.dialect.MySQL5Dialect
2023-02-15T22:46:15.192+01:00  WARN 48305 --- [main] org.hibernate.orm.deprecation            : HHH90000026: MySQL5Dialect has been deprecated; use org.hibernate.dialect.MySQLDialect instead
2023-02-15T22:46:15.689+01:00  INFO 48305 --- [main] o.h.e.t.j.p.i.JtaPlatformInitiator       : HHH000490: Using JtaPlatform implementation: [org.hibernate.engine.transaction.jta.platform.internal.NoJtaPlatform]
2023-02-15T22:46:15.695+01:00  INFO 48305 --- [main] j.LocalContainerEntityManagerFactoryBean : Initialized JPA EntityManagerFactory for persistence unit 'default'
2023-02-15T22:46:15.749+01:00  WARN 48305 --- [main] JpaBaseConfiguration$JpaWebConfiguration : spring.jpa.open-in-view is enabled by default. Therefore, database queries may be performed during view rendering. Explicitly configure spring.jpa.open-in-view to disable this warning
2023-02-15T22:46:16.118+01:00  WARN 48305 --- [main] .s.s.UserDetailsServiceAutoConfiguration : 

Using generated security password: f21cf67a-ca15-44c4-9197-10e4f4abcc04

This generated password is for development use only. Your security configuration must be updated before running your application in production.

2023-02-15T22:46:16.185+01:00  INFO 48305 --- [main] o.s.s.web.DefaultSecurityFilterChain     : Will secure any request with [org.springframework.security.web.session.DisableEncodeUrlFilter@3fdede3a, org.springframework.security.web.context.request.async.WebAsyncManagerIntegrationFilter@41948c13, org.springframework.security.web.context.SecurityContextHolderFilter@299dd381, org.springframework.security.web.header.HeaderWriterFilter@7d7c05fa, org.springframework.security.web.csrf.CsrfFilter@7c680fe1, org.springframework.security.web.authentication.logout.LogoutFilter@7a2fd94c, org.springframework.security.web.authentication.UsernamePasswordAuthenticationFilter@22ed2886, org.springframework.security.web.authentication.ui.DefaultLoginPageGeneratingFilter@4601a148, org.springframework.security.web.authentication.ui.DefaultLogoutPageGeneratingFilter@3085befb, org.springframework.security.web.authentication.www.BasicAuthenticationFilter@31f9f9b3, org.springframework.security.web.savedrequest.RequestCacheAwareFilter@16732340, org.springframework.security.web.servletapi.SecurityContextHolderAwareRequestFilter@5eb9bf7d, org.springframework.security.web.authentication.AnonymousAuthenticationFilter@62264d4f, org.springframework.security.web.access.ExceptionTranslationFilter@b814e23, org.springframework.security.web.access.intercept.AuthorizationFilter@34f8ce89]
2023-02-15T22:46:16.236+01:00  WARN 48305 --- [main] ConfigServletWebServerApplicationContext : Exception encountered during context initialization - cancelling refresh attempt: org.springframework.context.ApplicationContextException: Failed to start bean 'webServerStartStop'
2023-02-15T22:46:16.240+01:00  INFO 48305 --- [main] j.LocalContainerEntityManagerFactoryBean : Closing JPA EntityManagerFactory for persistence unit 'default'
2023-02-15T22:46:16.242+01:00  INFO 48305 --- [main] com.zaxxer.hikari.HikariDataSource       : HikariPool-1 - Shutdown initiated...
2023-02-15T22:46:16.246+01:00  INFO 48305 --- [main] com.zaxxer.hikari.HikariDataSource       : HikariPool-1 - Shutdown completed.
2023-02-15T22:46:16.248+01:00  INFO 48305 --- [main] o.apache.catalina.core.StandardService   : Stopping service [Tomcat]
2023-02-15T22:46:16.259+01:00  INFO 48305 --- [main] .s.b.a.l.ConditionEvaluationReportLogger : 

Error starting ApplicationContext. To display the condition evaluation report re-run your application with 'debug' enabled.
2023-02-15T22:46:16.271+01:00 ERROR 48305 --- [main] o.s.b.d.LoggingFailureAnalysisReporter   : 

***************************
APPLICATION FAILED TO START
***************************

Description:

Web server failed to start. Port 8087 was already in use.

Action:

Identify and stop the process that's listening on port 8087 or configure this application to listen on another port.

2023-02-15T23:23:12.602+01:00  INFO 50385 --- [main] com.example.labo.LaboApplication         : Starting LaboApplication using Java 19 with PID 50385 (/Users/nourlabidi/Desktop/LabPlus/target/classes started by nourlabidi in /Users/nourlabidi/Desktop/LabPlus)
2023-02-15T23:23:12.609+01:00  INFO 50385 --- [main] com.example.labo.LaboApplication         : No active profile set, falling back to 1 default profile: "default"
2023-02-15T23:23:13.391+01:00  INFO 50385 --- [main] .s.d.r.c.RepositoryConfigurationDelegate : Multiple Spring Data modules found, entering strict repository configuration mode
2023-02-15T23:23:13.392+01:00  INFO 50385 --- [main] .s.d.r.c.RepositoryConfigurationDelegate : Bootstrapping Spring Data JDBC repositories in DEFAULT mode.
2023-02-15T23:23:13.404+01:00  INFO 50385 --- [main] .s.d.r.c.RepositoryConfigurationDelegate : Finished Spring Data repository scanning in 9 ms. Found 0 JDBC repository interfaces.
2023-02-15T23:23:13.419+01:00  INFO 50385 --- [main] .s.d.r.c.RepositoryConfigurationDelegate : Multiple Spring Data modules found, entering strict repository configuration mode
2023-02-15T23:23:13.420+01:00  INFO 50385 --- [main] .s.d.r.c.RepositoryConfigurationDelegate : Bootstrapping Spring Data JPA repositories in DEFAULT mode.
2023-02-15T23:23:13.424+01:00  INFO 50385 --- [main] .s.d.r.c.RepositoryConfigurationDelegate : Finished Spring Data repository scanning in 1 ms. Found 0 JPA repository interfaces.
2023-02-15T23:23:14.041+01:00  INFO 50385 --- [main] o.s.b.w.embedded.tomcat.TomcatWebServer  : Tomcat initialized with port(s): 8087 (http)
2023-02-15T23:23:14.059+01:00  INFO 50385 --- [main] o.apache.catalina.core.StandardService   : Starting service [Tomcat]
2023-02-15T23:23:14.059+01:00  INFO 50385 --- [main] o.apache.catalina.core.StandardEngine    : Starting Servlet engine: [Apache Tomcat/10.1.5]
2023-02-15T23:23:14.138+01:00  INFO 50385 --- [main] o.a.c.c.C.[.[localhost].[/SpringMVCt]    : Initializing Spring embedded WebApplicationContext
2023-02-15T23:23:14.139+01:00  INFO 50385 --- [main] w.s.c.ServletWebServerApplicationContext : Root WebApplicationContext: initialization completed in 1447 ms
2023-02-15T23:23:14.280+01:00  INFO 50385 --- [main] o.hibernate.jpa.internal.util.LogHelper  : HHH000204: Processing PersistenceUnitInfo [name: default]
2023-02-15T23:23:14.309+01:00  INFO 50385 --- [main] org.hibernate.Version                    : HHH000412: Hibernate ORM core version 6.1.6.Final
2023-02-15T23:23:14.404+01:00  WARN 50385 --- [main] org.hibernate.orm.deprecation            : HHH90000021: Encountered deprecated setting [javax.persistence.sharedCache.mode], use [jakarta.persistence.sharedCache.mode] instead
2023-02-15T23:23:14.468+01:00  INFO 50385 --- [main] com.zaxxer.hikari.HikariDataSource       : HikariPool-1 - Starting...
2023-02-15T23:23:14.809+01:00  INFO 50385 --- [main] com.zaxxer.hikari.pool.HikariPool        : HikariPool-1 - Added connection com.mysql.cj.jdbc.ConnectionImpl@25218a4d
2023-02-15T23:23:14.811+01:00  INFO 50385 --- [main] com.zaxxer.hikari.HikariDataSource       : HikariPool-1 - Start completed.
2023-02-15T23:23:14.828+01:00  INFO 50385 --- [main] SQL dialect                              : HHH000400: Using dialect: org.hibernate.dialect.MySQL5Dialect
2023-02-15T23:23:14.830+01:00  WARN 50385 --- [main] org.hibernate.orm.deprecation            : HHH90000026: MySQL5Dialect has been deprecated; use org.hibernate.dialect.MySQLDialect instead
2023-02-15T23:23:15.356+01:00  INFO 50385 --- [main] o.h.e.t.j.p.i.JtaPlatformInitiator       : HHH000490: Using JtaPlatform implementation: [org.hibernate.engine.transaction.jta.platform.internal.NoJtaPlatform]
2023-02-15T23:23:15.363+01:00  INFO 50385 --- [main] j.LocalContainerEntityManagerFactoryBean : Initialized JPA EntityManagerFactory for persistence unit 'default'
2023-02-15T23:23:15.414+01:00  WARN 50385 --- [main] JpaBaseConfiguration$JpaWebConfiguration : spring.jpa.open-in-view is enabled by default. Therefore, database queries may be performed during view rendering. Explicitly configure spring.jpa.open-in-view to disable this warning
2023-02-15T23:23:15.797+01:00  WARN 50385 --- [main] .s.s.UserDetailsServiceAutoConfiguration : 

Using generated security password: 2e8c164f-699e-49ba-bb52-4d2346fc28db

This generated password is for development use only. Your security configuration must be updated before running your application in production.

2023-02-15T23:23:15.860+01:00  INFO 50385 --- [main] o.s.s.web.DefaultSecurityFilterChain     : Will secure any request with [org.springframework.security.web.session.DisableEncodeUrlFilter@1afabf06, org.springframework.security.web.context.request.async.WebAsyncManagerIntegrationFilter@33060020, org.springframework.security.web.context.SecurityContextHolderFilter@2681185e, org.springframework.security.web.header.HeaderWriterFilter@13ae87a6, org.springframework.security.web.csrf.CsrfFilter@1018f702, org.springframework.security.web.authentication.logout.LogoutFilter@72c175f1, org.springframework.security.web.authentication.UsernamePasswordAuthenticationFilter@43201f84, org.springframework.security.web.authentication.ui.DefaultLoginPageGeneratingFilter@4e7151b3, org.springframework.security.web.authentication.ui.DefaultLogoutPageGeneratingFilter@443b6765, org.springframework.security.web.authentication.www.BasicAuthenticationFilter@421d7900, org.springframework.security.web.savedrequest.RequestCacheAwareFilter@3a012678, org.springframework.security.web.servletapi.SecurityContextHolderAwareRequestFilter@4c599679, org.springframework.security.web.authentication.AnonymousAuthenticationFilter@a72925, org.springframework.security.web.access.ExceptionTranslationFilter@7304ca87, org.springframework.security.web.access.intercept.AuthorizationFilter@77648321]
2023-02-15T23:23:15.904+01:00  WARN 50385 --- [main] ConfigServletWebServerApplicationContext : Exception encountered during context initialization - cancelling refresh attempt: org.springframework.context.ApplicationContextException: Failed to start bean 'webServerStartStop'
2023-02-15T23:23:15.907+01:00  INFO 50385 --- [main] j.LocalContainerEntityManagerFactoryBean : Closing JPA EntityManagerFactory for persistence unit 'default'
2023-02-15T23:23:15.909+01:00  INFO 50385 --- [main] com.zaxxer.hikari.HikariDataSource       : HikariPool-1 - Shutdown initiated...
2023-02-15T23:23:15.914+01:00  INFO 50385 --- [main] com.zaxxer.hikari.HikariDataSource       : HikariPool-1 - Shutdown completed.
2023-02-15T23:23:15.915+01:00  INFO 50385 --- [main] o.apache.catalina.core.StandardService   : Stopping service [Tomcat]
2023-02-15T23:23:15.927+01:00  INFO 50385 --- [main] .s.b.a.l.ConditionEvaluationReportLogger : 

Error starting ApplicationContext. To display the condition evaluation report re-run your application with 'debug' enabled.
2023-02-15T23:23:15.938+01:00 ERROR 50385 --- [main] o.s.b.d.LoggingFailureAnalysisReporter   : 

***************************
APPLICATION FAILED TO START
***************************

Description:

Web server failed to start. Port 8087 was already in use.

Action:

Identify and stop the process that's listening on port 8087 or configure this application to listen on another port.

